Flutter crash report.
Please report a bug at https://github.com/flutter/flutter/issues.

## command

flutter run -d chrome --web-browser-flag --disable-web-security

## exception

RPCError: ext.flutter.debugDumpRenderTree: (-32603) ext.flutter.debugDumpRenderTree: Unexpected error from chrome devtools:
text: Uncaught (in promise)
exception:
  preview: null
  description: null
  type: string
  value: Unexpected null value.
attempted JS eval: `require("dart_sdk").developer.invokeExtension(
    "ext.flutter.debugDumpRenderTree", JSON.stringify({}));
`

#0      handleErrorIfPresent (package:dwds/src/utilities/shared.dart:96:5)
#1      getResultOrHandleError (package:dwds/src/utilities/shared.dart:108:3)
#2      AppInspector.jsEvaluate (package:dwds/src/debugging/inspector.dart:316:20)
<asynchronous suspension>
#3      StackZoneSpecification._registerUnaryCallback.<anonymous closure> (package:stack_trace/src/stack_zone_specification.dart:124:15)
<asynchronous suspension>


```
#0      new _OutstandingRequest (package:vm_service/src/vm_service.dart:1746:45)
#1      VmService._call (package:vm_service/src/vm_service.dart:2262:21)
#2      VmService.callServiceExtension (package:vm_service/src/vm_service.dart:2233:14)
#3      FlutterVmService._checkedCallServiceExtension (package:flutter_tools/src/vmservice.dart:820:28)
#4      FlutterVmService.invokeFlutterExtensionRpcRaw (package:flutter_tools/src/vmservice.dart:839:49)
#5      FlutterVmService.flutterDebugDumpRenderTree (package:flutter_tools/src/vmservice.dart:585:50)
#6      ResidentHandlers.debugDumpRenderTree (package:flutter_tools/src/resident_runner.dart:683:53)
<asynchronous suspension>
#7      TerminalHandler.processTerminalInput (package:flutter_tools/src/resident_runner.dart:1760:7)
<asynchronous suspension>
```

## flutter doctor

```
[32m[✓][39m Flutter (Channel stable, 3.7.6, on Microsoft Windows [Version 10.0.22621.1555], locale en-US)
    [32m•[39m Flutter version 3.7.6 on channel stable at C:\src\flutter
    [32m•[39m Upstream repository https://github.com/flutter/flutter.git
    [32m•[39m Framework revision 12cb4eb7a0 (8 weeks ago), 2023-03-01 10:29:26 -0800
    [32m•[39m Engine revision ada363ee93
    [32m•[39m Dart version 2.19.3
    [32m•[39m DevTools version 2.20.1

[32m[✓][39m Windows Version (Installed version of Windows is version 10 or higher)

[32m[✓][39m Android toolchain - develop for Android devices (Android SDK version 33.0.2)
    [32m•[39m Android SDK at C:\Users\Ibad Karimi\AppData\Local\Android\sdk
    [32m•[39m Platform android-33-ext4, build-tools 33.0.2
    [32m•[39m Java binary at: C:\Program Files\Android\Android Studio\jbr\bin\java
    [32m•[39m Java version OpenJDK Runtime Environment (build 11.0.15+0-b2043.56-9505619)
    [32m•[39m All Android licenses accepted.

[32m[✓][39m Chrome - develop for the web
    [32m•[39m Chrome at C:\Program Files\Google\Chrome\Application\chrome.exe

[32m[✓][39m Visual Studio - develop for Windows (Visual Studio Professional 2019 16.11.24)
    [32m•[39m Visual Studio at C:\Program Files (x86)\Microsoft Visual Studio\2019\Professional
    [32m•[39m Visual Studio Professional 2019 version 16.11.33328.57
    [32m•[39m Windows 10 SDK version 10.0.19041.0

[32m[✓][39m Android Studio (version 2022.1)
    [32m•[39m Android Studio at C:\Program Files\Android\Android Studio
    [32m•[39m Flutter plugin can be installed from:
      🔨 https://plugins.jetbrains.com/plugin/9212-flutter
    [32m•[39m Dart plugin can be installed from:
      🔨 https://plugins.jetbrains.com/plugin/6351-dart
    [32m•[39m Java version OpenJDK Runtime Environment (build 11.0.15+0-b2043.56-9505619)

[32m[✓][39m VS Code (version 1.77.3)
    [32m•[39m VS Code at C:\Users\Ibad Karimi\AppData\Local\Programs\Microsoft VS Code
    [32m•[39m Flutter extension version 3.62.0

[32m[✓][39m Connected device (3 available)
    [32m•[39m Windows (desktop) • windows • windows-x64    • Microsoft Windows [Version 10.0.22621.1555]
    [32m•[39m Chrome (web)      • chrome  • web-javascript • Google Chrome 112.0.5615.138
    [32m•[39m Edge (web)        • edge    • web-javascript • Microsoft Edge 112.0.1722.48

[33m[!][39m HTTP Host Availability
    [31m✗[39m HTTP host "https://cocoapods.org/" is not reachable. Reason: An error occurred while checking the HTTP host: The remote computer refused the network connection.

    [31m✗[39m HTTP host "https://maven.google.com/" is not reachable. Reason: An error occurred while checking the HTTP host: The remote computer refused the network connection.

    [31m✗[39m HTTP host "https://pub.dev/" is not reachable. Reason: An error occurred while checking the HTTP host: The remote computer refused the network connection.

    [31m✗[39m HTTP host "https://cloud.google.com/" is not reachable. Reason: An error occurred while checking the HTTP host: The remote computer refused the network connection.


[33m![39m Doctor found issues in 1 category.
```
